<?xml version="1.0" encoding="UTF-8"?>
<coverage generated="1625774776689" clover="3.2.0">
  <project timestamp="1625774776690" name="All files">
    <metrics statements="18" coveredstatements="12" conditionals="0" coveredconditionals="0" methods="4" coveredmethods="2" elements="22" coveredelements="14" complexity="0" loc="18" ncloc="18" packages="1" files="2" classes="2"/>
    <file name="bad.js" path="/home/will/sca-testing/bad.js">
      <metrics statements="11" coveredstatements="6" conditionals="0" coveredconditionals="0" methods="2" coveredmethods="1"/>
      <line num="1" count="1" type="stmt"/>
      <line num="3" count="1" type="stmt"/>
      <line num="4" count="1" type="stmt"/>
      <line num="5" count="1" type="stmt"/>
      <line num="6" count="1" type="stmt"/>
      <line num="7" count="1" type="stmt"/>
      <line num="10" count="0" type="stmt"/>
      <line num="11" count="0" type="stmt"/>
      <line num="12" count="0" type="stmt"/>
      <line num="13" count="0" type="stmt"/>
      <line num="14" count="0" type="stmt"/>
    </file>
    <file name="index.js" path="/home/will/sca-testing/index.js">
      <metrics statements="7" coveredstatements="6" conditionals="0" coveredconditionals="0" methods="2" coveredmethods="1"/>
      <line num="1" count="1" type="stmt"/>
      <line num="2" count="1" type="stmt"/>
      <line num="4" count="1" type="stmt"/>
      <line num="5" count="1" type="stmt"/>
      <line num="8" count="1" type="stmt"/>
      <line num="9" count="0" type="stmt"/>
      <line num="12" count="1" type="stmt"/>
    </file>
  </project>
</coverage>
