{"/home/will/sca-testing/bad.js": {"path":"/home/will/sca-testing/bad.js","statementMap":{"0":{"start":{"line":1,"column":0},"end":{"line":16,"column":1}},"1":{"start":{"line":3,"column":12},"end":{"line":3,"column":17}},"2":{"start":{"line":4,"column":4},"end":{"line":4,"column":13}},"3":{"start":{"line":5,"column":4},"end":{"line":5,"column":13}},"4":{"start":{"line":6,"column":4},"end":{"line":6,"column":34}},"5":{"start":{"line":7,"column":4},"end":{"line":7,"column":16}},"6":{"start":{"line":10,"column":12},"end":{"line":10,"column":17}},"7":{"start":{"line":11,"column":4},"end":{"line":11,"column":13}},"8":{"start":{"line":12,"column":4},"end":{"line":12,"column":13}},"9":{"start":{"line":13,"column":4},"end":{"line":13,"column":34}},"10":{"start":{"line":14,"column":4},"end":{"line":14,"column":16}}},"fnMap":{"0":{"name":"(anonymous_0)","decl":{"start":{"line":2,"column":7},"end":{"line":2,"column":8}},"loc":{"start":{"line":2,"column":17},"end":{"line":8,"column":3}},"line":2},"1":{"name":"(anonymous_1)","decl":{"start":{"line":9,"column":8},"end":{"line":9,"column":9}},"loc":{"start":{"line":9,"column":18},"end":{"line":15,"column":3}},"line":9}},"branchMap":{},"s":{"0":1,"1":1,"2":1,"3":1,"4":1,"5":1,"6":0,"7":0,"8":0,"9":0,"10":0},"f":{"0":1,"1":0},"b":{},"_coverageSchema":"1a1c01bbd47fc00a2c39e90264f33305004495a9","hash":"3767e2e0ef7b496316babd769f2b755b32decbf9"}
,"/home/will/sca-testing/index.js": {"path":"/home/will/sca-testing/index.js","statementMap":{"0":{"start":{"line":1,"column":16},"end":{"line":1,"column":34}},"1":{"start":{"line":2,"column":12},"end":{"line":2,"column":21}},"2":{"start":{"line":4,"column":0},"end":{"line":6,"column":2}},"3":{"start":{"line":5,"column":2},"end":{"line":5,"column":26}},"4":{"start":{"line":8,"column":0},"end":{"line":10,"column":2}},"5":{"start":{"line":9,"column":2},"end":{"line":9,"column":39}},"6":{"start":{"line":12,"column":0},"end":{"line":12,"column":20}}},"fnMap":{"0":{"name":"(anonymous_0)","decl":{"start":{"line":4,"column":13},"end":{"line":4,"column":14}},"loc":{"start":{"line":4,"column":27},"end":{"line":6,"column":1}},"line":4},"1":{"name":"(anonymous_1)","decl":{"start":{"line":8,"column":16},"end":{"line":8,"column":17}},"loc":{"start":{"line":8,"column":30},"end":{"line":10,"column":1}},"line":8}},"branchMap":{},"s":{"0":1,"1":1,"2":1,"3":1,"4":1,"5":0,"6":1},"f":{"0":1,"1":0},"b":{},"_coverageSchema":"1a1c01bbd47fc00a2c39e90264f33305004495a9","hash":"622b3929d1696107548d15f8c2103c84ff6e6436"}
}
