{"/home/will/sca-testing/bad.js": {"path":"/home/will/sca-testing/bad.js","statementMap":{"0":{"start":{"line":1,"column":0},"end":{"line":8,"column":1}},"1":{"start":{"line":3,"column":4},"end":{"line":3,"column":16}},"2":{"start":{"line":6,"column":4},"end":{"line":6,"column":49}}},"fnMap":{"0":{"name":"(anonymous_0)","decl":{"start":{"line":2,"column":7},"end":{"line":2,"column":8}},"loc":{"start":{"line":2,"column":17},"end":{"line":4,"column":3}},"line":2},"1":{"name":"(anonymous_1)","decl":{"start":{"line":5,"column":12},"end":{"line":5,"column":13}},"loc":{"start":{"line":5,"column":18},"end":{"line":7,"column":3}},"line":5},"2":{"name":"(anonymous_2)","decl":{"start":{"line":6,"column":40},"end":{"line":6,"column":41}},"loc":{"start":{"line":6,"column":46},"end":{"line":6,"column":48}},"line":6}},"branchMap":{},"s":{"0":1,"1":1,"2":0},"f":{"0":1,"1":0,"2":0},"b":{},"_coverageSchema":"1a1c01bbd47fc00a2c39e90264f33305004495a9","hash":"2f9da70cd41bd47c54529fb695a451194395b5f9"}
,"/home/will/sca-testing/index.js": {"path":"/home/will/sca-testing/index.js","statementMap":{"0":{"start":{"line":1,"column":16},"end":{"line":1,"column":34}},"1":{"start":{"line":2,"column":12},"end":{"line":2,"column":21}},"2":{"start":{"line":4,"column":0},"end":{"line":6,"column":2}},"3":{"start":{"line":5,"column":2},"end":{"line":5,"column":26}},"4":{"start":{"line":8,"column":0},"end":{"line":10,"column":2}},"5":{"start":{"line":9,"column":2},"end":{"line":9,"column":39}},"6":{"start":{"line":12,"column":0},"end":{"line":14,"column":2}},"7":{"start":{"line":13,"column":2},"end":{"line":13,"column":41}}},"fnMap":{"0":{"name":"(anonymous_0)","decl":{"start":{"line":4,"column":13},"end":{"line":4,"column":14}},"loc":{"start":{"line":4,"column":27},"end":{"line":6,"column":1}},"line":4},"1":{"name":"(anonymous_1)","decl":{"start":{"line":8,"column":16},"end":{"line":8,"column":17}},"loc":{"start":{"line":8,"column":30},"end":{"line":10,"column":1}},"line":8},"2":{"name":"(anonymous_2)","decl":{"start":{"line":12,"column":17},"end":{"line":12,"column":18}},"loc":{"start":{"line":12,"column":23},"end":{"line":14,"column":1}},"line":12}},"branchMap":{},"s":{"0":0,"1":0,"2":0,"3":0,"4":0,"5":0,"6":0,"7":0},"f":{"0":0,"1":0,"2":0},"b":{}}
}
